<?xml version="1.0" encoding="UTF-8"?>
<testng-results ignored="0" total="3" passed="3" failed="0" skipped="0">
  <reporter-output>
  </reporter-output>
  <suite started-at="2022-07-28T20:32:50 IST" name="Default suite" finished-at="2022-07-28T20:33:05 IST" duration-ms="14935">
    <groups>
      <group name="regression">
        <method signature="day3.second()[pri:2, instance:testng.day3@7f010382]" name="second" class="testng.day3"/>
      </group> <!-- regression -->
      <group name="sanity">
        <method signature="day3.first()[pri:1, instance:testng.day3@7f010382]" name="first" class="testng.day3"/>
      </group> <!-- sanity -->
    </groups>
    <test started-at="2022-07-28T20:32:50 IST" name="Default test" finished-at="2022-07-28T20:33:05 IST" duration-ms="14935">
      <class name="testng.day3">
        <test-method signature="first()[pri:1, instance:testng.day3@7f010382]" started-at="2022-07-28T20:32:50 IST" name="first" finished-at="2022-07-28T20:32:59 IST" duration-ms="9086" status="PASS">
          <reporter-output>
          </reporter-output>
        </test-method> <!-- first -->
        <test-method signature="second()[pri:2, instance:testng.day3@7f010382]" started-at="2022-07-28T20:32:59 IST" name="second" finished-at="2022-07-28T20:33:05 IST" duration-ms="5330" status="PASS">
          <reporter-output>
          </reporter-output>
        </test-method> <!-- second -->
        <test-method signature="third()[pri:3, instance:testng.day3@7f010382]" started-at="2022-07-28T20:33:05 IST" name="third" finished-at="2022-07-28T20:33:05 IST" duration-ms="419" status="PASS">
          <reporter-output>
          </reporter-output>
        </test-method> <!-- third -->
      </class> <!-- testng.day3 -->
    </test> <!-- Default test -->
  </suite> <!-- Default suite -->
</testng-results>
