<?xml version="1.0" encoding="UTF-8"?>
<testng-results ignored="0" total="1" passed="1" failed="0" skipped="0">
  <reporter-output>
  </reporter-output>
  <suite started-at="2022-07-23T18:26:48 IST" name="Default suite" finished-at="2022-07-23T18:26:59 IST" duration-ms="10731">
    <groups>
    </groups>
    <test started-at="2022-07-23T18:26:48 IST" name="Default test" finished-at="2022-07-23T18:26:59 IST" duration-ms="10731">
      <class name="TestNgDay1.day1">
        <test-method signature="launching()[pri:0, instance:TestNgDay1.day1@1677d1]" started-at="2022-07-23T18:26:48 IST" name="launching" finished-at="2022-07-23T18:26:59 IST" duration-ms="10654" status="PASS">
          <reporter-output>
          </reporter-output>
        </test-method> <!-- launching -->
      </class> <!-- TestNgDay1.day1 -->
    </test> <!-- Default test -->
  </suite> <!-- Default suite -->
</testng-results>
