<?xml version="1.0" encoding="UTF-8"?>
<!-- Generated by org.testng.reporters.JUnitXMLReporter -->
<testsuite ignored="2" hostname="DESKTOP-UCQMLR4" failures="0" tests="1" name="Test" time="8.602" errors="0" timestamp="2022-07-23T20:46:49 IST">
  <testcase classname="testng.day3" name="first" time="8.532"/>
  <testcase classname="testng.day3" name="third" time="0.0">
    <ignored/>
  </testcase> <!-- third -->
  <testcase classname="testng.day3" name="second" time="0.0">
    <ignored/>
  </testcase> <!-- second -->
</testsuite> <!-- Test -->
