<?xml version="1.0" encoding="UTF-8"?>
<!-- Generated by org.testng.reporters.JUnitXMLReporter -->
<testsuite ignored="0" hostname="DESKTOP-UCQMLR4" failures="0" tests="3" name="Default test" time="67.833" errors="0" timestamp="2022-07-27T13:34:51 IST">
  <testcase classname="TestNgDay4.Day4" name="launch" time="10.069"/>
  <testcase classname="TestNgDay4.Day4" name="todaysdeal" time="13.018"/>
  <testcase classname="TestNgDay4.Day4" name="handling" time="44.658"/>
</testsuite> <!-- Default test -->
